<?xml version="1.0" encoding="UTF-8" ?>
<testsuite tests="3" failures="0" name="com.capstone.TestRunner" time="9.524" errors="0" skipped="0">
  <properties>
    <property name="java.vendor" value="Oracle Corporation"/>
    <property name="JOB_NAME" value="capstone_vss"/>
    <property name="RUN_TESTS_DISPLAY_URL" value="http://localhost:8080/job/capstone_vss/1/display/redirect?page=tests"/>
    <property name="sun.java.launcher" value="SUN_STANDARD"/>
    <property name="NUMBER_OF_PROCESSORS" value="8"/>
    <property name="sun.management.compiler" value="HotSpot 64-Bit Tiered Compilers"/>
    <property name="JENKINS_HOME" value="C:\Users\vsatpute\.jenkins"/>
    <property name="FPS_BROWSER_USER_PROFILE_STRING" value="Default"/>
    <property name="HUDSON_SERVER_COOKIE" value="5e8aa4282c2732cf"/>
    <property name="os.name" value="Windows 10"/>
    <property name="sun.boot.class.path" value="C:\Program Files\Java\jdk1.8.0_202\jre\lib\resources.jar;C:\Program Files\Java\jdk1.8.0_202\jre\lib\rt.jar;C:\Program Files\Java\jdk1.8.0_202\jre\lib\sunrsasign.jar;C:\Program Files\Java\jdk1.8.0_202\jre\lib\jsse.jar;C:\Program Files\Java\jdk1.8.0_202\jre\lib\jce.jar;C:\Program Files\Java\jdk1.8.0_202\jre\lib\charsets.jar;C:\Program Files\Java\jdk1.8.0_202\jre\lib\jfr.jar;C:\Program Files\Java\jdk1.8.0_202\jre\classes"/>
    <property name="EXECUTOR_NUMBER" value="0"/>
    <property name="sun.desktop" value="windows"/>
    <property name="PATHEXT" value=".COM;.EXE;.BAT;.CMD;.VBS;.VBE;.JS;.JSE;.WSF;.WSH;.MSC"/>
    <property name="java.vm.specification.vendor" value="Oracle Corporation"/>
    <property name="NODE_LABELS" value="built-in"/>
    <property name="TEMP" value="C:\Users\vsatpute\AppData\Local\Temp"/>
    <property name="java.runtime.version" value="1.8.0_202-b08"/>
    <property name="FPS_BROWSER_APP_PROFILE_STRING" value="Internet Explorer"/>
    <property name="user.name" value="vsatpute"/>
    <property name="NSPR_NATIVE_THREADS_ONLY" value="1"/>
    <property name="guice.disable.misplaced.annotation.check" value="true"/>
    <property name="CommonProgramW6432" value="C:\Program Files\Common Files"/>
    <property name="ProgramFiles" value="C:\Program Files"/>
    <property name="PROMPT" value="$P$G"/>
    <property name="user.language" value="en"/>
    <property name="JOB_BASE_NAME" value="capstone_vss"/>
    <property name="RUN_CHANGES_DISPLAY_URL" value="http://localhost:8080/job/capstone_vss/1/display/redirect?page=changes"/>
    <property name="BUILD_DISPLAY_NAME" value="#1"/>
    <property name="OneDrive" value="C:\Users\vsatpute\OneDrive - Cisco"/>
    <property name="sun.boot.library.path" value="C:\Program Files\Java\jdk1.8.0_202\jre\bin"/>
    <property name="OneDriveCommercial" value="C:\Users\vsatpute\OneDrive - Cisco"/>
    <property name="LOCALAPPDATA" value="C:\Users\vsatpute\AppData\Local"/>
    <property name="java.version" value="1.8.0_202"/>
    <property name="PROCESSOR_LEVEL" value="6"/>
    <property name="user.timezone" value="Asia/Calcutta"/>
    <property name="USERNAME" value="vsatpute"/>
    <property name="sun.arch.data.model" value="64"/>
    <property name="NODE_NAME" value="built-in"/>
    <property name="java.endorsed.dirs" value="C:\Program Files\Java\jdk1.8.0_202\jre\lib\endorsed"/>
    <property name="BUILD_ID" value="1"/>
    <property name="PyCharm Community Edition" value="C:\Program Files\JetBrains\PyCharm Community Edition 2021.3\bin;"/>
    <property name="sun.cpu.isalist" value="amd64"/>
    <property name="sun.jnu.encoding" value="Cp1252"/>
    <property name="file.encoding.pkg" value="sun.io"/>
    <property name="file.separator" value="\"/>
    <property name="java.specification.name" value="Java Platform API Specification"/>
    <property name="HOMEDRIVE" value="C:"/>
    <property name="maven.conf" value="C:\Users\vsatpute\.jenkins\tools\hudson.tasks.Maven_MavenInstallation\C_install_apache-maven-3.8.4-bin_apache-maven-3.8.4_bin\conf"/>
    <property name="java.class.version" value="52.0"/>
    <property name="=::" value="::\"/>
    <property name="org.slf4j.simpleLogger.defaultLogLevel" value="info"/>
    <property name="user.country" value="IN"/>
    <property name="ALLUSERSPROFILE" value="C:\ProgramData"/>
    <property name="java.home" value="C:\Program Files\Java\jdk1.8.0_202\jre"/>
    <property name="java.vm.info" value="mixed mode"/>
    <property name="os.version" value="10.0"/>
    <property name="RUN_DISPLAY_URL" value="http://localhost:8080/job/capstone_vss/1/display/redirect"/>
    <property name="TMP" value="C:\Users\vsatpute\AppData\Local\Temp"/>
    <property name="RUN_ARTIFACTS_DISPLAY_URL" value="http://localhost:8080/job/capstone_vss/1/display/redirect?page=artifacts"/>
    <property name="path.separator" value=";"/>
    <property name="java.vm.version" value="25.202-b08"/>
    <property name="user.variant" value=""/>
    <property name="JOB_DISPLAY_URL" value="http://localhost:8080/job/capstone_vss/display/redirect"/>
    <property name="CommonProgramFiles(x86)" value="C:\Program Files (x86)\Common Files"/>
    <property name="USERDOMAIN_ROAMINGPROFILE" value="CISCO"/>
    <property name="java.awt.printerjob" value="sun.awt.windows.WPrinterJob"/>
    <property name="JAVA_HOME" value="C:\Program Files\Java\jdk1.8.0_202"/>
    <property name="sun.io.unicode.encoding" value="UnicodeLittle"/>
    <property name="CommonProgramFiles" value="C:\Program Files\Common Files"/>
    <property name="ComSpec" value="C:\Windows\system32\cmd.exe"/>
    <property name="awt.toolkit" value="sun.awt.windows.WToolkit"/>
    <property name="HOMEPATH" value="\Users\vsatpute"/>
    <property name="USERDNSDOMAIN" value="cisco.com"/>
    <property name="user.script" value=""/>
    <property name="COMPUTERNAME" value="CSCO-W-PF2S40M1"/>
    <property name="user.home" value="C:\Users\vsatpute"/>
    <property name="PUBLIC" value="C:\Users\Public"/>
    <property name="BUILD_TAG" value="jenkins-capstone_vss-1"/>
    <property name="JENKINS_SERVER_COOKIE" value="5e8aa4282c2732cf"/>
    <property name="HUDSON_URL" value="http://localhost:8080/"/>
    <property name="ProgramData" value="C:\ProgramData"/>
    <property name="java.specification.vendor" value="Oracle Corporation"/>
    <property name="USERPROFILE" value="C:\Users\vsatpute"/>
    <property name="CLASSPATH" value=""/>
    <property name="java.vendor.url" value="http://java.oracle.com/"/>
    <property name="java.library.path" value="C:\Program Files\Java\jdk1.8.0_202\bin;C:\Windows\Sun\Java\bin;C:\Windows\system32;C:\Windows;C:\Users\vsatpute\.jenkins\tools\hudson.tasks.Maven_MavenInstallation\C_install_apache-maven-3.8.4-bin_apache-maven-3.8.4_bin/bin;C:\Program Files\Java\jdk1.8.0_202/bin;C:\Program Files\Java\jdk1.8.0_202/bin;C:\Program Files (x86)\Common Files\Oracle\Java\javapath;C:\Windows\system32;C:\Windows;C:\Windows\System32\Wbem;C:\Windows\System32\WindowsPowerShell\v1.0\;C:\Windows\System32\OpenSSH\;C:\Program Files\Git\cmd;C:\Users\vsatpute\AppData\Local\Programs\Python\Python310\Scripts\;C:\Users\vsatpute\AppData\Local\Programs\Python\Python310\;C:\Users\vsatpute\AppData\Local\Microsoft\WindowsApps;;C:\Program Files\JetBrains\PyCharm Community Edition 2021.3\bin;;C:\Users\vsatpute\AppData\Local\Programs\Microsoft VS Code\bin;."/>
    <property name="java.vm.vendor" value="Oracle Corporation"/>
    <property name="APPDATA" value="C:\Users\vsatpute\AppData\Roaming"/>
    <property name="ZES_ENABLE_SYSMAN" value="1"/>
    <property name="java.runtime.name" value="Java(TM) SE Runtime Environment"/>
    <property name="maven.home" value="C:\Users\vsatpute\.jenkins\tools\hudson.tasks.Maven_MavenInstallation\C_install_apache-maven-3.8.4-bin_apache-maven-3.8.4_bin"/>
    <property name="java.class.path" value="C:\Users\vsatpute\.jenkins\plugins\maven-plugin\WEB-INF\lib\maven35-agent-1.13.jar;C:\Users\vsatpute\.jenkins\tools\hudson.tasks.Maven_MavenInstallation\C_install_apache-maven-3.8.4-bin_apache-maven-3.8.4_bin\boot\plexus-classworlds-2.6.0.jar;C:\Users\vsatpute\.jenkins\tools\hudson.tasks.Maven_MavenInstallation\C_install_apache-maven-3.8.4-bin_apache-maven-3.8.4_bin/conf/logging"/>
    <property name="sun.java.command" value="jenkins.maven3.agent.Maven35Main C:\Users\vsatpute\.jenkins\tools\hudson.tasks.Maven_MavenInstallation\C_install_apache-maven-3.8.4-bin_apache-maven-3.8.4_bin C:\Users\vsatpute\.jenkins\war\WEB-INF\lib\remoting-4.11.2.jar C:\Users\vsatpute\.jenkins\plugins\maven-plugin\WEB-INF\lib\maven35-interceptor-1.13.jar C:\Users\vsatpute\.jenkins\plugins\maven-plugin\WEB-INF\lib\maven3-interceptor-commons-1.13.jar 57897"/>
    <property name="Path" value="C:\Program Files\Java\jdk1.8.0_202/bin;C:\Program Files (x86)\Common Files\Oracle\Java\javapath;C:\Windows\system32;C:\Windows;C:\Windows\System32\Wbem;C:\Windows\System32\WindowsPowerShell\v1.0\;C:\Windows\System32\OpenSSH\;C:\Program Files\Git\cmd;C:\Users\vsatpute\AppData\Local\Programs\Python\Python310\Scripts\;C:\Users\vsatpute\AppData\Local\Programs\Python\Python310\;C:\Users\vsatpute\AppData\Local\Microsoft\WindowsApps;;C:\Program Files\JetBrains\PyCharm Community Edition 2021.3\bin;;C:\Users\vsatpute\AppData\Local\Programs\Microsoft VS Code\bin"/>
    <property name="java.vm.specification.name" value="Java Virtual Machine Specification"/>
    <property name="PROCESSOR_ARCHITECTURE" value="AMD64"/>
    <property name="jansi.mode" value="strip"/>
    <property name="PATH+JDK" value="C:\Program Files\Java\jdk1.8.0_202/bin"/>
    <property name="PROCESSOR_IDENTIFIER" value="Intel64 Family 6 Model 142 Stepping 12, GenuineIntel"/>
    <property name="SESSIONNAME" value="Console"/>
    <property name="java.vm.specification.version" value="1.8"/>
    <property name="sun.os.patch.level" value=""/>
    <property name="sun.cpu.endian" value="little"/>
    <property name="M2_HOME" value="C:\Users\vsatpute\.jenkins\tools\hudson.tasks.Maven_MavenInstallation\C_install_apache-maven-3.8.4-bin_apache-maven-3.8.4_bin"/>
    <property name="java.io.tmpdir" value="C:\Users\vsatpute\AppData\Local\Temp\"/>
    <property name="CI" value="true"/>
    <property name="OS" value="Windows_NT"/>
    <property name="HUDSON_HOME" value="C:\Users\vsatpute\.jenkins"/>
    <property name="PATH+MAVEN" value="C:\Users\vsatpute\.jenkins\tools\hudson.tasks.Maven_MavenInstallation\C_install_apache-maven-3.8.4-bin_apache-maven-3.8.4_bin/bin"/>
    <property name="ProgramFiles(x86)" value="C:\Program Files (x86)"/>
    <property name="BUILD_URL" value="http://localhost:8080/job/capstone_vss/1/"/>
    <property name="java.vendor.url.bug" value="http://bugreport.sun.com/bugreport/"/>
    <property name="java.awt.graphicsenv" value="sun.awt.Win32GraphicsEnvironment"/>
    <property name="os.arch" value="amd64"/>
    <property name="SystemRoot" value="C:\Windows"/>
    <property name="java.ext.dirs" value="C:\Program Files\Java\jdk1.8.0_202\jre\lib\ext;C:\Windows\Sun\Java\lib\ext"/>
    <property name="user.dir" value="C:\Users\vsatpute\javaPractice\Capstone"/>
    <property name="JOB_URL" value="http://localhost:8080/job/capstone_vss/"/>
    <property name="LOGONSERVER" value="\\CSCO-W-PF2S40M1"/>
    <property name="USERDOMAIN" value="CISCO"/>
    <property name="line.separator" value="
"/>
    <property name="MAVEN_HOME" value="C:\Users\vsatpute\.jenkins\tools\hudson.tasks.Maven_MavenInstallation\C_install_apache-maven-3.8.4-bin_apache-maven-3.8.4_bin"/>
    <property name="java.vm.name" value="Java HotSpot(TM) 64-Bit Server VM"/>
    <property name="BUILD_NUMBER" value="1"/>
    <property name="JENKINS_URL" value="http://localhost:8080/"/>
    <property name="PROCESSOR_REVISION" value="8e0c"/>
    <property name="UATDATA" value="C:\Windows\CCM\UATData\D9F8C395-CAB8-491d-B8AC-179A1FE1BE77"/>
    <property name="ProgramW6432" value="C:\Program Files"/>
    <property name="windir" value="C:\Windows"/>
    <property name="=C:" value="C:\Users\vsatpute\Downloads"/>
    <property name="file.encoding" value="Cp1252"/>
    <property name="SystemDrive" value="C:"/>
    <property name="maven3.interceptor" value="C:\Users\vsatpute\.jenkins\plugins\maven-plugin\WEB-INF\lib\maven35-interceptor-1.13.jar"/>
    <property name="WORKSPACE_TMP" value="C:\Users\vsatpute\.jenkins\workspace\capstone_vss@tmp"/>
    <property name="WORKSPACE" value="C:\Users\vsatpute\.jenkins\workspace\capstone_vss"/>
    <property name="maven3.interceptor.common" value="C:\Users\vsatpute\.jenkins\plugins\maven-plugin\WEB-INF\lib\maven3-interceptor-commons-1.13.jar"/>
    <property name="java.specification.version" value="1.8"/>
    <property name="PSModulePath" value="C:\Program Files (x86)\WindowsPowerShell\Modules;C:\Windows\system32\WindowsPowerShell\v1.0\Modules;C:\Program Files\Thycotic\Powershell\;C:\Program Files (x86)\AutoIt3\AutoItX"/>
    <property name="DriverData" value="C:\Windows\System32\Drivers\DriverData"/>
  </properties>
  <testcase classname="Title of your feature #1" name="Sam is able to login successfully with valid details #1" time="4.045"/>
  <testcase classname="Title of your feature #2" name="sign up" time="2.397"/>
  <testcase classname="booking" name="Sam is able to select a flight" time="3.082"/>
</testsuite>